<?xml version="1.0" encoding="UTF-8"?>
<!-- Generated by org.testng.reporters.JUnitReportReporter -->
<testsuite skipped="0" hostname="DESKTOP-L7AGLPD" name="practice.TweetKaro" tests="3" failures="0" timestamp="10 Jul 2020 18:27:36 GMT" time="16.021" errors="0">
  <testcase name="statusUpdate" time="14.742" classname="practice.TweetKaro"/>
  <testcase name="getUpdate" time="0.608" classname="practice.TweetKaro"/>
  <testcase name="delUpdate" time="0.671" classname="practice.TweetKaro"/>
</testsuite> <!-- practice.TweetKaro -->
