<?xml version="1.0" encoding="UTF-8"?>
<!-- Generated by org.testng.reporters.JUnitReportReporter -->
<testsuite skipped="0" hostname="DESKTOP-L7AGLPD" name="test.DeleteStatusUpdate" tests="2" failures="0" timestamp="30 May 2020 04:57:42 GMT" time="6.421" errors="0">
  <testcase name="createTweet" time="4.786" classname="test.DeleteStatusUpdate"/>
  <testcase name="deleteTweet" time="1.635" classname="test.DeleteStatusUpdate"/>
</testsuite> <!-- test.DeleteStatusUpdate -->
